# JRE version: Java(TM) SE Runtime Environment (8.0_171-b11) (build 1.8.0_171-b11)
# Java VM: Java HotSpot(TM) 64-Bit Server VM (25.171-b11 mixed mode windows-amd64 compressed oops)
Heap:
 PSYoungGen      total 221696K, used 80694K [0x00000000eb400000, 0x00000000fc380000, 0x0000000100000000)
  eden space 210432K, 33% used [0x00000000eb400000,0x00000000ef7d5900,0x00000000f8180000)
  from space 11264K, 99% used [0x00000000f8180000,0x00000000f8c78128,0x00000000f8c80000)
  to   space 13824K, 0% used [0x00000000fb600000,0x00000000fb600000,0x00000000fc380000)
 ParOldGen       total 49664K, used 16302K [0x00000000c1c00000, 0x00000000c4c80000, 0x00000000eb400000)
  object space 49664K, 32% used [0x00000000c1c00000,0x00000000c2beb850,0x00000000c4c80000)
 Metaspace       used 55401K, capacity 58652K, committed 58880K, reserved 1099776K
  class space    used 7596K, capacity 8160K, committed 8192K, reserved 1048576K
GC Heap History (10 events):
Event: 9.019 GC heap before
{Heap before GC invocations=11 (full 1):
 PSYoungGen      total 134144K, used 134134K [0x00000000eb400000, 0x00000000f5900000, 0x0000000100000000)
  eden space 128000K, 100% used [0x00000000eb400000,0x00000000f3100000,0x00000000f3100000)
  from space 6144K, 99% used [0x00000000f3100000,0x00000000f36fd898,0x00000000f3700000)
  to   space 8192K, 0% used [0x00000000f5100000,0x00000000f5100000,0x00000000f5900000)
 ParOldGen       total 32768K, used 11304K [0x00000000c1c00000, 0x00000000c3c00000, 0x00000000eb400000)
  object space 32768K, 34% used [0x00000000c1c00000,0x00000000c270a230,0x00000000c3c00000)
 Metaspace       used 32314K, capacity 34304K, committed 34432K, reserved 1079296K
  class space    used 4335K, capacity 4728K, committed 4736K, reserved 1048576K
Event: 9.035 GC heap after
Heap after GC invocations=11 (full 1):
 PSYoungGen      total 158720K, used 8179K [0x00000000eb400000, 0x00000000f7300000, 0x0000000100000000)
  eden space 150528K, 0% used [0x00000000eb400000,0x00000000eb400000,0x00000000f4700000)
  from space 8192K, 99% used [0x00000000f5100000,0x00000000f58fce68,0x00000000f5900000)
  to   space 10240K, 0% used [0x00000000f4700000,0x00000000f4700000,0x00000000f5100000)
 ParOldGen       total 32768K, used 14153K [0x00000000c1c00000, 0x00000000c3c00000, 0x00000000eb400000)
  object space 32768K, 43% used [0x00000000c1c00000,0x00000000c29d25d8,0x00000000c3c00000)
 Metaspace       used 32314K, capacity 34304K, committed 34432K, reserved 1079296K
  class space    used 4335K, capacity 4728K, committed 4736K, reserved 1048576K
}
Event: 9.238 GC heap before
{Heap before GC invocations=12 (full 1):
 PSYoungGen      total 158720K, used 27580K [0x00000000eb400000, 0x00000000f7300000, 0x0000000100000000)
  eden space 150528K, 12% used [0x00000000eb400000,0x00000000ec6f22c0,0x00000000f4700000)
  from space 8192K, 99% used [0x00000000f5100000,0x00000000f58fce68,0x00000000f5900000)
  to   space 10240K, 0% used [0x00000000f4700000,0x00000000f4700000,0x00000000f5100000)
 ParOldGen       total 32768K, used 14153K [0x00000000c1c00000, 0x00000000c3c00000, 0x00000000eb400000)
  object space 32768K, 43% used [0x00000000c1c00000,0x00000000c29d25d8,0x00000000c3c00000)
 Metaspace       used 33418K, capacity 35412K, committed 35496K, reserved 1079296K
  class space    used 4458K, capacity 4836K, committed 4864K, reserved 1048576K
Event: 9.249 GC heap after
Heap after GC invocations=12 (full 1):
 PSYoungGen      total 160768K, used 1179K [0x00000000eb400000, 0x00000000f9900000, 0x0000000100000000)
  eden space 150528K, 0% used [0x00000000eb400000,0x00000000eb400000,0x00000000f4700000)
  from space 10240K, 11% used [0x00000000f4700000,0x00000000f4826fd0,0x00000000f5100000)
  to   space 10240K, 0% used [0x00000000f8f00000,0x00000000f8f00000,0x00000000f9900000)
 ParOldGen       total 32768K, used 20429K [0x00000000c1c00000, 0x00000000c3c00000, 0x00000000eb400000)
  object space 32768K, 62% used [0x00000000c1c00000,0x00000000c2ff3418,0x00000000c3c00000)
 Metaspace       used 33418K, capacity 35412K, committed 35496K, reserved 1079296K
  class space    used 4458K, capacity 4836K, committed 4864K, reserved 1048576K
}
Event: 9.249 GC heap before
{Heap before GC invocations=13 (full 2):
 PSYoungGen      total 160768K, used 1179K [0x00000000eb400000, 0x00000000f9900000, 0x0000000100000000)
  eden space 150528K, 0% used [0x00000000eb400000,0x00000000eb400000,0x00000000f4700000)
  from space 10240K, 11% used [0x00000000f4700000,0x00000000f4826fd0,0x00000000f5100000)
  to   space 10240K, 0% used [0x00000000f8f00000,0x00000000f8f00000,0x00000000f9900000)
 ParOldGen       total 32768K, used 20429K [0x00000000c1c00000, 0x00000000c3c00000, 0x00000000eb400000)
  object space 32768K, 62% used [0x00000000c1c00000,0x00000000c2ff3418,0x00000000c3c00000)
 Metaspace       used 33418K, capacity 35412K, committed 35496K, reserved 1079296K
  class space    used 4458K, capacity 4836K, committed 4864K, reserved 1048576K
Event: 9.359 GC heap after
Heap after GC invocations=13 (full 2):
 PSYoungGen      total 160768K, used 0K [0x00000000eb400000, 0x00000000f9900000, 0x0000000100000000)
  eden space 150528K, 0% used [0x00000000eb400000,0x00000000eb400000,0x00000000f4700000)
  from space 10240K, 0% used [0x00000000f4700000,0x00000000f4700000,0x00000000f5100000)
  to   space 10240K, 0% used [0x00000000f8f00000,0x00000000f8f00000,0x00000000f9900000)
 ParOldGen       total 49664K, used 12928K [0x00000000c1c00000, 0x00000000c4c80000, 0x00000000eb400000)
  object space 49664K, 26% used [0x00000000c1c00000,0x00000000c28a03d0,0x00000000c4c80000)
 Metaspace       used 33418K, capacity 35412K, committed 35496K, reserved 1079296K
  class space    used 4458K, capacity 4836K, committed 4864K, reserved 1048576K
}
Event: 11.149 GC heap before
{Heap before GC invocations=14 (full 2):
 PSYoungGen      total 160768K, used 150528K [0x00000000eb400000, 0x00000000f9900000, 0x0000000100000000)
  eden space 150528K, 100% used [0x00000000eb400000,0x00000000f4700000,0x00000000f4700000)
  from space 10240K, 0% used [0x00000000f4700000,0x00000000f4700000,0x00000000f5100000)
  to   space 10240K, 0% used [0x00000000f8f00000,0x00000000f8f00000,0x00000000f9900000)
 ParOldGen       total 49664K, used 12928K [0x00000000c1c00000, 0x00000000c4c80000, 0x00000000eb400000)
  object space 49664K, 26% used [0x00000000c1c00000,0x00000000c28a03d0,0x00000000c4c80000)
 Metaspace       used 41816K, capacity 43926K, committed 44288K, reserved 1087488K
  class space    used 5667K, capacity 6053K, committed 6144K, reserved 1048576K
Event: 11.161 GC heap after
Heap after GC invocations=14 (full 2):
 PSYoungGen      total 205824K, used 8392K [0x00000000eb400000, 0x00000000f9780000, 0x0000000100000000)
  eden space 197120K, 0% used [0x00000000eb400000,0x00000000eb400000,0x00000000f7480000)
  from space 8704K, 96% used [0x00000000f8f00000,0x00000000f97320e8,0x00000000f9780000)
  to   space 11264K, 0% used [0x00000000f8180000,0x00000000f8180000,0x00000000f8c80000)
 ParOldGen       total 49664K, used 12936K [0x00000000c1c00000, 0x00000000c4c80000, 0x00000000eb400000)
  object space 49664K, 26% used [0x00000000c1c00000,0x00000000c28a23d0,0x00000000c4c80000)
 Metaspace       used 41816K, capacity 43926K, committed 44288K, reserved 1087488K
  class space    used 5667K, capacity 6053K, committed 6144K, reserved 1048576K
}
Event: 39.206 GC heap before
{Heap before GC invocations=15 (full 2):
 PSYoungGen      total 205824K, used 205512K [0x00000000eb400000, 0x00000000f9780000, 0x0000000100000000)
  eden space 197120K, 100% used [0x00000000eb400000,0x00000000f7480000,0x00000000f7480000)
  from space 8704K, 96% used [0x00000000f8f00000,0x00000000f97320e8,0x00000000f9780000)
  to   space 11264K, 0% used [0x00000000f8180000,0x00000000f8180000,0x00000000f8c80000)
 ParOldGen       total 49664K, used 12936K [0x00000000c1c00000, 0x00000000c4c80000, 0x00000000eb400000)
  object space 49664K, 26% used [0x00000000c1c00000,0x00000000c28a23d0,0x00000000c4c80000)
 Metaspace       used 51902K, capacity 55010K, committed 55168K, reserved 1097728K
  class space    used 7166K, capacity 7723K, committed 7808K, reserved 1048576K
Event: 39.245 GC heap after
Heap after GC invocations=15 (full 2):
 PSYoungGen      total 221696K, used 11232K [0x00000000eb400000, 0x00000000fc380000, 0x0000000100000000)
  eden space 210432K, 0% used [0x00000000eb400000,0x00000000eb400000,0x00000000f8180000)
  from space 11264K, 99% used [0x00000000f8180000,0x00000000f8c78128,0x00000000f8c80000)
  to   space 13824K, 0% used [0x00000000fb600000,0x00000000fb600000,0x00000000fc380000)
 ParOldGen       total 49664K, used 16302K [0x00000000c1c00000, 0x00000000c4c80000, 0x00000000eb400000)
  object space 49664K, 32% used [0x00000000c1c00000,0x00000000c2beb850,0x00000000c4c80000)
 Metaspace       used 51902K, capacity 55010K, committed 55168K, reserved 1097728K
  class space    used 7166K, capacity 7723K, committed 7808K, reserved 1048576K
}

